**********************
Windows PowerShell transcript start
Start time: 20231123012100
Username: MSI\simon
RunAs User: MSI\simon
Configuration Name: 
Machine: MSI (Microsoft Windows NT 10.0.22631.0)
Host Application: C:\WINDOWS\System32\WindowsPowerShell\v1.0\powershell.exe -NoProfile -ExecutionPolicy Bypass -Command Import-Module 'c:\Users\simon\.vscode\extensions\ms-vscode.powershell-2023.8.0\modules\PowerShellEditorServices\PowerShellEditorServices.psd1'; Start-EditorServices -HostName 'Visual Studio Code Host' -HostProfileId 'Microsoft.VSCode' -HostVersion '2023.8.0' -AdditionalModules @('PowerShellEditorServices.VSCode') -BundledModulesPath 'c:\Users\simon\.vscode\extensions\ms-vscode.powershell-2023.8.0\modules' -EnableConsoleRepl -StartupBanner "PowerShell Extension v2023.8.0
Copyright (c) Microsoft Corporation.

https://aka.ms/vscode-powershell
Type 'help' to get help.
" -LogLevel 'Normal' -LogPath 'c:\Users\simon\AppData\Roaming\Code\User\globalStorage\ms-vscode.powershell\logs\1700652594-3626aa8c-c899-436b-9769-15d4ee9499991700652593358\EditorServices.log' -SessionDetailsPath 'c:\Users\simon\AppData\Roaming\Code\User\globalStorage\ms-vscode.powershell\sessions\PSES-VSCode-14172-351987.json' -FeatureFlags @() 
Process ID: 14940
PSVersion: 5.1.22621.2506
PSEdition: Desktop
PSCompatibleVersions: 1.0, 2.0, 3.0, 4.0, 5.0, 5.1.22621.2506
BuildVersion: 10.0.22621.2506
CLRVersion: 4.0.30319.42000
WSManStackVersion: 3.0
PSRemotingProtocolVersion: 2.3
SerializationVersion: 1.1.0.1
**********************

Installing any certificates found in c:\temp...


Importing any drivers found in c:\temp...


Success importing drivers in C:\temp\SATO\Sato.inf


Success importing drivers in C:\temp\xerox\x3UNIVX.inf


Adding drivers, creating ports and printers specified in c:\temp\client printer details.txt...

Success installing SATO CL4NX Plus 203dpi driver for sydprint1

Port tcpip_192.168.100.99 exists... skipping

Success installing Xerox Global Print Driver PCL6 driver for melprint1

Port tcpip_192.168.100.100 exists... skipping

Success installing SATO CL4NX Plus 305dpi driver for aklprint1

Port tcpip_192.168.100.101 exists... skipping

Success installing Xerox Global Print Driver PCL6 driver for wlgprint1

Port tcpip_192.168.100.102 exists... skipping

Success installing SATO PW4NX driver for chcprint1

Port tcpip_192.168.100.103 exists... skipping

Success installing Xerox GPD PCL6 V5.951.9.0 driver for perprint1

Port tcpip_192.168.100.104 exists... skipping

Success installing SATO CT4-LX 305dpi driver for adlprint1

Port tcpip_192.168.100.105 exists... skipping

**********************
Windows PowerShell transcript end
End time: 20231123012330
**********************
